Using pre-set license
Built from '2021.3/china_unity/release' branch; Version is '2021.3.8f1c1 (c20728c1e961) revision 12715816'; Using compiler version '192829333'; Build Type 'Release'
OS: 'Windows 10  (10.0.19043) 64bit CoreCountrySpecific' Language: 'zh' Physical Memory: 16219 MB
BatchMode: 1, IsHumanControllingUs: 0, StartBugReporterOnCrash: 0, Is64bit: 1, IsPro: 1

COMMAND LINE ARGUMENTS:
D:\AppData\Unity Hub\2021.3.8f1c1\Editor\Unity.exe
-adb2
-batchMode
-noUpm
-name
AssetImportWorker1
-projectPath
D:/Project/Firefight Simulator/Firefight Simulator PC
-logFile
Logs/AssetImportWorker1.log
-srvPort
56336
Successfully changed project path to: D:/Project/Firefight Simulator/Firefight Simulator PC
D:/Project/Firefight Simulator/Firefight Simulator PC
[UnityMemory] Configuration Parameters - Can be set up in boot.config
    "memorysetup-bucket-allocator-granularity=16"
    "memorysetup-bucket-allocator-bucket-count=8"
    "memorysetup-bucket-allocator-block-size=33554432"
    "memorysetup-bucket-allocator-block-count=8"
    "memorysetup-main-allocator-block-size=16777216"
    "memorysetup-thread-allocator-block-size=16777216"
    "memorysetup-gfx-main-allocator-block-size=16777216"
    "memorysetup-gfx-thread-allocator-block-size=16777216"
    "memorysetup-cache-allocator-block-size=4194304"
    "memorysetup-typetree-allocator-block-size=2097152"
    "memorysetup-profiler-bucket-allocator-granularity=16"
    "memorysetup-profiler-bucket-allocator-bucket-count=8"
    "memorysetup-profiler-bucket-allocator-block-size=33554432"
    "memorysetup-profiler-bucket-allocator-block-count=8"
    "memorysetup-profiler-allocator-block-size=16777216"
    "memorysetup-profiler-editor-allocator-block-size=1048576"
    "memorysetup-temp-allocator-size-main=16777216"
    "memorysetup-job-temp-allocator-block-size=2097152"
    "memorysetup-job-temp-allocator-block-size-background=1048576"
    "memorysetup-job-temp-allocator-reduction-small-platforms=262144"
    "memorysetup-temp-allocator-size-background-worker=32768"
    "memorysetup-temp-allocator-size-job-worker=262144"
    "memorysetup-temp-allocator-size-preload-manager=33554432"
    "memorysetup-temp-allocator-size-nav-mesh-worker=65536"
    "memorysetup-temp-allocator-size-audio-worker=65536"
    "memorysetup-temp-allocator-size-cloud-worker=32768"
    "memorysetup-temp-allocator-size-gi-baking-worker=262144"
    "memorysetup-temp-allocator-size-gfx=262144"
AS: AutoStreaming module initializing.
Refreshing native plugins compatible for Editor in 299.56 ms, found 3 plugins.
Preloading 0 native plugins for Editor in 0.00 ms.
Initialize engine version: 2021.3.8f1c1 (c20728c1e961)
[Subsystems] Discovering subsystems at path D:/AppData/Unity Hub/2021.3.8f1c1/Editor/Data/Resources/UnitySubsystems
[Subsystems] Discovering subsystems at path D:/Project/Firefight Simulator/Firefight Simulator PC/Assets
GfxDevice: creating device client; threaded=0; jobified=0
Direct3D:
    Version:  Direct3D 11.0 [level 11.1]
    Renderer: NVIDIA GeForce MX250 (ID=0x1d52)
    Vendor:   NVIDIA
    VRAM:     1983 MB
    Driver:   27.21.14.6627
Initialize mono
Mono path[0] = 'D:/AppData/Unity Hub/2021.3.8f1c1/Editor/Data/Managed'
Mono path[1] = 'D:/AppData/Unity Hub/2021.3.8f1c1/Editor/Data/MonoBleedingEdge/lib/mono/unityjit-win32'
Mono config path = 'D:/AppData/Unity Hub/2021.3.8f1c1/Editor/Data/MonoBleedingEdge/etc'
Using monoOptions --debugger-agent=transport=dt_socket,embedding=1,server=y,suspend=n,address=127.0.0.1:56116
Begin MonoManager ReloadAssembly
Registering precompiled unity dll's ...
Register platform support module: D:/AppData/Unity Hub/2021.3.8f1c1/Editor/Data/PlaybackEngines/WindowsStandaloneSupport/UnityEditor.WindowsStandalone.Extensions.dll
Registered in 0.011632 seconds.
Native extension for WindowsStandalone target not found
Refreshing native plugins compatible for Editor in 281.71 ms, found 3 plugins.
Preloading 0 native plugins for Editor in 0.00 ms.
Mono: successfully reloaded assembly
- Completed reload, in  1.951 seconds
Domain Reload Profiling:
	ReloadAssembly (1953ms)
		BeginReloadAssembly (201ms)
			ExecutionOrderSort (0ms)
			DisableScriptedObjects (0ms)
			BackupInstance (0ms)
			ReleaseScriptingObjects (0ms)
			CreateAndSetChildDomain (3ms)
		EndReloadAssembly (1464ms)
			LoadAssemblies (185ms)
			RebuildTransferFunctionScriptingTraits (0ms)
			SetupTypeCache (335ms)
			ReleaseScriptCaches (0ms)
			RebuildScriptCaches (83ms)
			SetupLoadedEditorAssemblies (885ms)
				LogAssemblyErrors (0ms)
				InitializePlatformSupportModulesInManaged (20ms)
				SetLoadedEditorAssemblies (1ms)
				RefreshPlugins (282ms)
				BeforeProcessingInitializeOnLoad (3ms)
				ProcessInitializeOnLoadAttributes (429ms)
				ProcessInitializeOnLoadMethodAttributes (150ms)
				AfterProcessingInitializeOnLoad (0ms)
				EditorAssembliesLoaded (0ms)
			ExecutionOrderSort2 (0ms)
			AwakeInstancesAfterBackupRestoration (0ms)
Platform modules already initialized, skipping
Registering precompiled user dll's ...
Registered in 0.037829 seconds.
Begin MonoManager ReloadAssembly
Symbol file LoadedFromMemory doesn't match image D:\Project\Firefight Simulator\Firefight Simulator PC\Library\PackageCache\com.unity.visualscripting@1.7.8\Editor\VisualScripting.Core\Dependencies\YamlDotNet\Unity.VisualScripting.YamlDotNet.dll
Symbol file LoadedFromMemory doesn't match image D:\Project\Firefight Simulator\Firefight Simulator PC\Library\PackageCache\com.unity.visualscripting@1.7.8\Editor\VisualScripting.Core\Dependencies\DotNetZip\Unity.VisualScripting.IonicZip.dll
Native extension for WindowsStandalone target not found
Refreshing native plugins compatible for Editor in 1.88 ms, found 3 plugins.
Preloading 0 native plugins for Editor in 0.00 ms.
Mono: successfully reloaded assembly
- Completed reload, in  3.339 seconds
Domain Reload Profiling:
	ReloadAssembly (3341ms)
		BeginReloadAssembly (332ms)
			ExecutionOrderSort (0ms)
			DisableScriptedObjects (16ms)
			BackupInstance (0ms)
			ReleaseScriptingObjects (0ms)
			CreateAndSetChildDomain (45ms)
		EndReloadAssembly (2602ms)
			LoadAssemblies (271ms)
			RebuildTransferFunctionScriptingTraits (0ms)
			SetupTypeCache (867ms)
			ReleaseScriptCaches (1ms)
			RebuildScriptCaches (168ms)
			SetupLoadedEditorAssemblies (1157ms)
				LogAssemblyErrors (0ms)
				InitializePlatformSupportModulesInManaged (16ms)
				SetLoadedEditorAssemblies (2ms)
				RefreshPlugins (2ms)
				BeforeProcessingInitializeOnLoad (268ms)
				ProcessInitializeOnLoadAttributes (747ms)
				ProcessInitializeOnLoadMethodAttributes (84ms)
				AfterProcessingInitializeOnLoad (37ms)
				EditorAssembliesLoaded (1ms)
			ExecutionOrderSort2 (0ms)
			AwakeInstancesAfterBackupRestoration (21ms)
Platform modules already initialized, skipping
========================================================================
Worker process is ready to serve import requests
Launched and connected shader compiler UnityShaderCompiler.exe after 0.09 seconds
Refreshing native plugins compatible for Editor in 0.94 ms, found 3 plugins.
Preloading 0 native plugins for Editor in 0.00 ms.
Unloading 3468 Unused Serialized files (Serialized files now loaded: 0)
Unloading 27 unused Assets / (112.5 KB). Loaded Objects now: 3946.
Memory consumption went from 203.2 MB to 203.1 MB.
Total: 7.956000 ms (FindLiveObjects: 0.485500 ms CreateObjectMapping: 0.454700 ms MarkObjects: 6.747800 ms  DeleteObjects: 0.265800 ms)

AssetImportParameters requested are different than current active one (requested -> active):
  custom:video-decoder-ogg-theora: a1e56fd34408186e4bbccfd4996cb3dc -> 
  custom:container-muxer-webm: aa71ff27fc2769a1b78a27578f13a17b -> 
  custom:container-demuxer-webm: 4f35f7cbe854078d1ac9338744f61a02 -> 
  custom:video-encoder-webm-vp8: eb34c28f22e8b96e1ab97ce403110664 -> 
  custom:video-codec-MediaFoundation-h265: 746d11721c4dcdbdad8f713fa42b33f4 -> 
  custom:audio-encoder-webm-vorbis: bf7c407c2cedff20999df2af8eb42d56 -> 
  custom:framework-win-MediaFoundation: 216162199b28c13a410421893ffa2e32 -> 
  custom:container-demuxer-ogg: 62fdf1f143b41e24485cea50d1cbac27 -> 
  custom:video-decoder-webm-vp8: 9c59270c3fd7afecdb556c50c9e8de78 -> 
  custom:audio-decoder-ogg-vorbis: bf7c407c2cedff20999df2af8eb42d56 -> 
========================================================================
Received Import Request.
  Time since last request: 91300.465325 seconds.
  path: Assets/Arts/Materials
  artifactKey: Guid(06e732313ec9a434ea377c55a50f2153) Importer(815301076,1909f56bfc062723c751e8b465ee728b)
Start importing Assets/Arts/Materials using Guid(06e732313ec9a434ea377c55a50f2153) Importer(815301076,1909f56bfc062723c751e8b465ee728b)  -> (artifact id: '5c8a635a6a2d7b31063d03ccdfcae20f') in 0.012207 seconds 
========================================================================
Received Import Request.
  Time since last request: 0.000033 seconds.
  path: Assets/Arts/Background.png
  artifactKey: Guid(6d15e9d1f4a52a641b2e31a524249254) Importer(815301076,1909f56bfc062723c751e8b465ee728b)
Start importing Assets/Arts/Background.png using Guid(6d15e9d1f4a52a641b2e31a524249254) Importer(815301076,1909f56bfc062723c751e8b465ee728b)  -> (artifact id: '7266d8ce5d712b5dc4ecfe4b9ec4b5fe') in 0.628952 seconds 
========================================================================
Received Import Request.
  Time since last request: 0.000031 seconds.
  path: Assets/Arts/Load bg.png
  artifactKey: Guid(c3c8652e9120c49408a1d5d405c0cf7f) Importer(815301076,1909f56bfc062723c751e8b465ee728b)
Start importing Assets/Arts/Load bg.png using Guid(c3c8652e9120c49408a1d5d405c0cf7f) Importer(815301076,1909f56bfc062723c751e8b465ee728b)  -> (artifact id: '76b9eed4615239a04a6e586905ba34ca') in 0.386176 seconds 
========================================================================
Received Import Request.
  Time since last request: 0.000060 seconds.
  path: Assets/Arts/Select Page.png
  artifactKey: Guid(b506924953cb39c44be0899cd72938e7) Importer(815301076,1909f56bfc062723c751e8b465ee728b)
Start importing Assets/Arts/Select Page.png using Guid(b506924953cb39c44be0899cd72938e7) Importer(815301076,1909f56bfc062723c751e8b465ee728b)  -> (artifact id: '9747c06e6ce2f4ba4d32c5787669f8d7') in 0.423984 seconds 
========================================================================
Received Import Request.
  Time since last request: 0.000046 seconds.
  path: Assets/Arts/Button/select1_v2.png
  artifactKey: Guid(850a630867de71048b37f64cd288f83f) Importer(815301076,1909f56bfc062723c751e8b465ee728b)
Start importing Assets/Arts/Button/select1_v2.png using Guid(850a630867de71048b37f64cd288f83f) Importer(815301076,1909f56bfc062723c751e8b465ee728b)  -> (artifact id: 'ac0ab71885e947d6d136ff4eccc7944a') in 0.109974 seconds 
========================================================================
Received Import Request.
  Time since last request: 0.000052 seconds.
  path: Assets/Arts/Button/Start.png
  artifactKey: Guid(f1308267193934f4cbff0cc3eaeffbb9) Importer(815301076,1909f56bfc062723c751e8b465ee728b)
Start importing Assets/Arts/Button/Start.png using Guid(f1308267193934f4cbff0cc3eaeffbb9) Importer(815301076,1909f56bfc062723c751e8b465ee728b)  -> (artifact id: '8e2c1ba2c5213cc4f567b3dfba28fdd8') in 0.056758 seconds 
========================================================================
Received Import Request.
  Time since last request: 0.000039 seconds.
  path: Assets/Arts/Button/PauseMenu menu.png
  artifactKey: Guid(670a2356918236846bede93828dcf0d9) Importer(815301076,1909f56bfc062723c751e8b465ee728b)
Start importing Assets/Arts/Button/PauseMenu menu.png using Guid(670a2356918236846bede93828dcf0d9) Importer(815301076,1909f56bfc062723c751e8b465ee728b)  -> (artifact id: 'c70ab55174d792d8c52f318dfa5d33ce') in 0.061491 seconds 
========================================================================
Received Import Request.
  Time since last request: 0.000039 seconds.
  path: Assets/Arts/Select.png
  artifactKey: Guid(78a90ef66cd8e864292285e34bc6cc98) Importer(815301076,1909f56bfc062723c751e8b465ee728b)
Start importing Assets/Arts/Select.png using Guid(78a90ef66cd8e864292285e34bc6cc98) Importer(815301076,1909f56bfc062723c751e8b465ee728b)  -> (artifact id: 'b7a998481719148cb2d4689264739d22') in 0.396689 seconds 
========================================================================
Received Import Request.
  Time since last request: 0.000036 seconds.
  path: Assets/Arts/Button/Quit.png
  artifactKey: Guid(981f828386aced244a0758ce9e4cf9de) Importer(815301076,1909f56bfc062723c751e8b465ee728b)
Start importing Assets/Arts/Button/Quit.png using Guid(981f828386aced244a0758ce9e4cf9de) Importer(815301076,1909f56bfc062723c751e8b465ee728b)  -> (artifact id: 'd911f78e3d3b4cb5ba31949dc7577d95') in 0.044826 seconds 
