Using pre-set license
Built from '2021.3/china_unity/release' branch; Version is '2021.3.8f1c1 (c20728c1e961) revision 12715816'; Using compiler version '192829333'; Build Type 'Release'
OS: 'Windows 10  (10.0.19043) 64bit CoreCountrySpecific' Language: 'zh' Physical Memory: 16219 MB
BatchMode: 1, IsHumanControllingUs: 0, StartBugReporterOnCrash: 0, Is64bit: 1, IsPro: 1

COMMAND LINE ARGUMENTS:
D:\AppData\Unity Hub\2021.3.8f1c1\Editor\Unity.exe
-adb2
-batchMode
-noUpm
-name
AssetImportWorker0
-projectPath
D:/Project/Firefight Simulator/Firefight Simulator PC
-logFile
Logs/AssetImportWorker0.log
-srvPort
56336
Successfully changed project path to: D:/Project/Firefight Simulator/Firefight Simulator PC
D:/Project/Firefight Simulator/Firefight Simulator PC
[UnityMemory] Configuration Parameters - Can be set up in boot.config
    "memorysetup-bucket-allocator-granularity=16"
    "memorysetup-bucket-allocator-bucket-count=8"
    "memorysetup-bucket-allocator-block-size=33554432"
    "memorysetup-bucket-allocator-block-count=8"
    "memorysetup-main-allocator-block-size=16777216"
    "memorysetup-thread-allocator-block-size=16777216"
    "memorysetup-gfx-main-allocator-block-size=16777216"
    "memorysetup-gfx-thread-allocator-block-size=16777216"
    "memorysetup-cache-allocator-block-size=4194304"
    "memorysetup-typetree-allocator-block-size=2097152"
    "memorysetup-profiler-bucket-allocator-granularity=16"
    "memorysetup-profiler-bucket-allocator-bucket-count=8"
    "memorysetup-profiler-bucket-allocator-block-size=33554432"
    "memorysetup-profiler-bucket-allocator-block-count=8"
    "memorysetup-profiler-allocator-block-size=16777216"
    "memorysetup-profiler-editor-allocator-block-size=1048576"
    "memorysetup-temp-allocator-size-main=16777216"
    "memorysetup-job-temp-allocator-block-size=2097152"
    "memorysetup-job-temp-allocator-block-size-background=1048576"
    "memorysetup-job-temp-allocator-reduction-small-platforms=262144"
    "memorysetup-temp-allocator-size-background-worker=32768"
    "memorysetup-temp-allocator-size-job-worker=262144"
    "memorysetup-temp-allocator-size-preload-manager=33554432"
    "memorysetup-temp-allocator-size-nav-mesh-worker=65536"
    "memorysetup-temp-allocator-size-audio-worker=65536"
    "memorysetup-temp-allocator-size-cloud-worker=32768"
    "memorysetup-temp-allocator-size-gi-baking-worker=262144"
    "memorysetup-temp-allocator-size-gfx=262144"
AS: AutoStreaming module initializing.
Refreshing native plugins compatible for Editor in 265.55 ms, found 3 plugins.
Preloading 0 native plugins for Editor in 0.00 ms.
Initialize engine version: 2021.3.8f1c1 (c20728c1e961)
[Subsystems] Discovering subsystems at path D:/AppData/Unity Hub/2021.3.8f1c1/Editor/Data/Resources/UnitySubsystems
[Subsystems] Discovering subsystems at path D:/Project/Firefight Simulator/Firefight Simulator PC/Assets
GfxDevice: creating device client; threaded=0; jobified=0
Direct3D:
    Version:  Direct3D 11.0 [level 11.1]
    Renderer: NVIDIA GeForce MX250 (ID=0x1d52)
    Vendor:   NVIDIA
    VRAM:     1983 MB
    Driver:   27.21.14.6627
Initialize mono
Mono path[0] = 'D:/AppData/Unity Hub/2021.3.8f1c1/Editor/Data/Managed'
Mono path[1] = 'D:/AppData/Unity Hub/2021.3.8f1c1/Editor/Data/MonoBleedingEdge/lib/mono/unityjit-win32'
Mono config path = 'D:/AppData/Unity Hub/2021.3.8f1c1/Editor/Data/MonoBleedingEdge/etc'
Using monoOptions --debugger-agent=transport=dt_socket,embedding=1,server=y,suspend=n,address=127.0.0.1:56788
Begin MonoManager ReloadAssembly
Registering precompiled unity dll's ...
Register platform support module: D:/AppData/Unity Hub/2021.3.8f1c1/Editor/Data/PlaybackEngines/WindowsStandaloneSupport/UnityEditor.WindowsStandalone.Extensions.dll
Registered in 0.006589 seconds.
Native extension for WindowsStandalone target not found
Refreshing native plugins compatible for Editor in 271.04 ms, found 3 plugins.
Preloading 0 native plugins for Editor in 0.00 ms.
Mono: successfully reloaded assembly
- Completed reload, in  1.938 seconds
Domain Reload Profiling:
	ReloadAssembly (1939ms)
		BeginReloadAssembly (241ms)
			ExecutionOrderSort (0ms)
			DisableScriptedObjects (0ms)
			BackupInstance (0ms)
			ReleaseScriptingObjects (0ms)
			CreateAndSetChildDomain (2ms)
		EndReloadAssembly (1428ms)
			LoadAssemblies (222ms)
			RebuildTransferFunctionScriptingTraits (0ms)
			SetupTypeCache (311ms)
			ReleaseScriptCaches (0ms)
			RebuildScriptCaches (93ms)
			SetupLoadedEditorAssemblies (842ms)
				LogAssemblyErrors (0ms)
				InitializePlatformSupportModulesInManaged (23ms)
				SetLoadedEditorAssemblies (0ms)
				RefreshPlugins (271ms)
				BeforeProcessingInitializeOnLoad (4ms)
				ProcessInitializeOnLoadAttributes (403ms)
				ProcessInitializeOnLoadMethodAttributes (140ms)
				AfterProcessingInitializeOnLoad (0ms)
				EditorAssembliesLoaded (0ms)
			ExecutionOrderSort2 (0ms)
			AwakeInstancesAfterBackupRestoration (0ms)
Platform modules already initialized, skipping
Registering precompiled user dll's ...
Registered in 0.042746 seconds.
Begin MonoManager ReloadAssembly
Symbol file LoadedFromMemory doesn't match image D:\Project\Firefight Simulator\Firefight Simulator PC\Library\PackageCache\com.unity.visualscripting@1.7.8\Editor\VisualScripting.Core\Dependencies\YamlDotNet\Unity.VisualScripting.YamlDotNet.dll
Symbol file LoadedFromMemory doesn't match image D:\Project\Firefight Simulator\Firefight Simulator PC\Library\PackageCache\com.unity.visualscripting@1.7.8\Editor\VisualScripting.Core\Dependencies\DotNetZip\Unity.VisualScripting.IonicZip.dll
Native extension for WindowsStandalone target not found
Refreshing native plugins compatible for Editor in 2.01 ms, found 3 plugins.
Preloading 0 native plugins for Editor in 0.00 ms.
Mono: successfully reloaded assembly
- Completed reload, in  3.353 seconds
Domain Reload Profiling:
	ReloadAssembly (3355ms)
		BeginReloadAssembly (325ms)
			ExecutionOrderSort (0ms)
			DisableScriptedObjects (13ms)
			BackupInstance (0ms)
			ReleaseScriptingObjects (0ms)
			CreateAndSetChildDomain (42ms)
		EndReloadAssembly (2630ms)
			LoadAssemblies (283ms)
			RebuildTransferFunctionScriptingTraits (0ms)
			SetupTypeCache (854ms)
			ReleaseScriptCaches (1ms)
			RebuildScriptCaches (175ms)
			SetupLoadedEditorAssemblies (1176ms)
				LogAssemblyErrors (0ms)
				InitializePlatformSupportModulesInManaged (16ms)
				SetLoadedEditorAssemblies (2ms)
				RefreshPlugins (2ms)
				BeforeProcessingInitializeOnLoad (291ms)
				ProcessInitializeOnLoadAttributes (737ms)
				ProcessInitializeOnLoadMethodAttributes (88ms)
				AfterProcessingInitializeOnLoad (40ms)
				EditorAssembliesLoaded (0ms)
			ExecutionOrderSort2 (0ms)
			AwakeInstancesAfterBackupRestoration (18ms)
Platform modules already initialized, skipping
========================================================================
Worker process is ready to serve import requests
Launched and connected shader compiler UnityShaderCompiler.exe after 0.07 seconds
Refreshing native plugins compatible for Editor in 1.41 ms, found 3 plugins.
Preloading 0 native plugins for Editor in 0.00 ms.
Unloading 3468 Unused Serialized files (Serialized files now loaded: 0)
Unloading 27 unused Assets / (112.5 KB). Loaded Objects now: 3946.
Memory consumption went from 203.2 MB to 203.1 MB.
Total: 8.992600 ms (FindLiveObjects: 0.478500 ms CreateObjectMapping: 0.459900 ms MarkObjects: 7.754300 ms  DeleteObjects: 0.297800 ms)

AssetImportParameters requested are different than current active one (requested -> active):
  custom:video-decoder-ogg-theora: a1e56fd34408186e4bbccfd4996cb3dc -> 
  custom:container-muxer-webm: aa71ff27fc2769a1b78a27578f13a17b -> 
  custom:container-demuxer-webm: 4f35f7cbe854078d1ac9338744f61a02 -> 
  custom:video-encoder-webm-vp8: eb34c28f22e8b96e1ab97ce403110664 -> 
  custom:video-codec-MediaFoundation-h265: 746d11721c4dcdbdad8f713fa42b33f4 -> 
  custom:audio-encoder-webm-vorbis: bf7c407c2cedff20999df2af8eb42d56 -> 
  custom:framework-win-MediaFoundation: 216162199b28c13a410421893ffa2e32 -> 
  custom:container-demuxer-ogg: 62fdf1f143b41e24485cea50d1cbac27 -> 
  custom:video-decoder-webm-vp8: 9c59270c3fd7afecdb556c50c9e8de78 -> 
  custom:audio-decoder-ogg-vorbis: bf7c407c2cedff20999df2af8eb42d56 -> 
========================================================================
Received Import Request.
  Time since last request: 91300.350436 seconds.
  path: Assets/Arts/End page.png
  artifactKey: Guid(37e7537b4b9436d4c86d124e6d073e2b) Importer(815301076,1909f56bfc062723c751e8b465ee728b)
Start importing Assets/Arts/End page.png using Guid(37e7537b4b9436d4c86d124e6d073e2b) Importer(815301076,1909f56bfc062723c751e8b465ee728b)  -> (artifact id: '0f36aa45f3b60dda818eb3a5cbd3e5d3') in 0.678809 seconds 
========================================================================
Received Import Request.
  Time since last request: 0.000035 seconds.
  path: Assets/Arts/Start.png
  artifactKey: Guid(cfc01b0b69bde5e4783f143d4959955b) Importer(815301076,1909f56bfc062723c751e8b465ee728b)
Start importing Assets/Arts/Start.png using Guid(cfc01b0b69bde5e4783f143d4959955b) Importer(815301076,1909f56bfc062723c751e8b465ee728b)  -> (artifact id: 'd44e256963c841bb270235432d7984e8') in 0.355355 seconds 
========================================================================
Received Import Request.
  Time since last request: 0.000058 seconds.
  path: Assets/Arts/Button/select2_v2.png
  artifactKey: Guid(ca3aa306b3dd4a64884fced70232cc9e) Importer(815301076,1909f56bfc062723c751e8b465ee728b)
Start importing Assets/Arts/Button/select2_v2.png using Guid(ca3aa306b3dd4a64884fced70232cc9e) Importer(815301076,1909f56bfc062723c751e8b465ee728b)  -> (artifact id: 'aee69d3d82df91bb37f38f33ba9426d3') in 0.111049 seconds 
========================================================================
Received Import Request.
  Time since last request: 0.000061 seconds.
  path: Assets/Arts/Button/Select4.png
  artifactKey: Guid(ec257490c990f5c41ab4cda3fec718bd) Importer(815301076,1909f56bfc062723c751e8b465ee728b)
Start importing Assets/Arts/Button/Select4.png using Guid(ec257490c990f5c41ab4cda3fec718bd) Importer(815301076,1909f56bfc062723c751e8b465ee728b)  -> (artifact id: '5ea132d0b3f50490b52417a5ac428ba5') in 0.347036 seconds 
========================================================================
Received Import Request.
  Time since last request: 0.000039 seconds.
  path: Assets/Arts/Button/select3_v2.png
  artifactKey: Guid(35479af3c0bc7e34b9aa20817d4c503d) Importer(815301076,1909f56bfc062723c751e8b465ee728b)
Start importing Assets/Arts/Button/select3_v2.png using Guid(35479af3c0bc7e34b9aa20817d4c503d) Importer(815301076,1909f56bfc062723c751e8b465ee728b)  -> (artifact id: 'b76b623f0b1eb7da29f13b0d71f0dbd5') in 0.119329 seconds 
========================================================================
Received Import Request.
  Time since last request: 0.000049 seconds.
  path: Assets/Arts/Button/quit and leave.png
  artifactKey: Guid(ab26016ec7fff3a48adb3e9cec834ece) Importer(815301076,1909f56bfc062723c751e8b465ee728b)
Start importing Assets/Arts/Button/quit and leave.png using Guid(ab26016ec7fff3a48adb3e9cec834ece) Importer(815301076,1909f56bfc062723c751e8b465ee728b)  -> (artifact id: 'd426b0bf4be69319526d0e71a5b44ff0') in 0.030627 seconds 
========================================================================
Received Import Request.
  Time since last request: 0.000056 seconds.
  path: Assets/Arts/Button/Return to title.png
  artifactKey: Guid(c0d1f6fc29fde5c45ba97d9b417a2233) Importer(815301076,1909f56bfc062723c751e8b465ee728b)
Start importing Assets/Arts/Button/Return to title.png using Guid(c0d1f6fc29fde5c45ba97d9b417a2233) Importer(815301076,1909f56bfc062723c751e8b465ee728b)  -> (artifact id: '920d427f248f6b6164f8e8fff5e544ab') in 0.029982 seconds 
========================================================================
Received Import Request.
  Time since last request: 0.000033 seconds.
  path: Assets/Arts/Task
  artifactKey: Guid(9c1043e0dff6a004087e1b5f56366665) Importer(815301076,1909f56bfc062723c751e8b465ee728b)
Start importing Assets/Arts/Task using Guid(9c1043e0dff6a004087e1b5f56366665) Importer(815301076,1909f56bfc062723c751e8b465ee728b)  -> (artifact id: 'ac2cc2bb24e97da572ccfdbcc0ac462e') in 0.006645 seconds 
========================================================================
Received Import Request.
  Time since last request: 0.000042 seconds.
  path: Assets/Arts/Button
  artifactKey: Guid(8b781c2d602ae0c40a6ac4fbd7651a80) Importer(815301076,1909f56bfc062723c751e8b465ee728b)
Start importing Assets/Arts/Button using Guid(8b781c2d602ae0c40a6ac4fbd7651a80) Importer(815301076,1909f56bfc062723c751e8b465ee728b)  -> (artifact id: '73a7f654eae68ac075366a745b3f0114') in 0.004335 seconds 
========================================================================
Received Import Request.
  Time since last request: 0.000051 seconds.
  path: Assets/Arts/Button/Close.png
  artifactKey: Guid(1cefe22ce5ac2764f9873f0de48e2ce7) Importer(815301076,1909f56bfc062723c751e8b465ee728b)
Start importing Assets/Arts/Button/Close.png using Guid(1cefe22ce5ac2764f9873f0de48e2ce7) Importer(815301076,1909f56bfc062723c751e8b465ee728b)  -> (artifact id: '49d20a01751402a2cb6c21fe52ae5406') in 0.035860 seconds 
========================================================================
Received Import Request.
  Time since last request: 0.000033 seconds.
  path: Assets/Arts/End.png
  artifactKey: Guid(01bda58f1037ff6449f63fcab1b73bb3) Importer(815301076,1909f56bfc062723c751e8b465ee728b)
Start importing Assets/Arts/End.png using Guid(01bda58f1037ff6449f63fcab1b73bb3) Importer(815301076,1909f56bfc062723c751e8b465ee728b)  -> (artifact id: '088452022db5646c5b895bfa6b9e2b5f') in 0.424985 seconds 
========================================================================
Received Import Request.
  Time since last request: 0.000036 seconds.
  path: Assets/Arts/loading.png
  artifactKey: Guid(5b7d8dc851c157448acf9972256d3cb9) Importer(815301076,1909f56bfc062723c751e8b465ee728b)
Start importing Assets/Arts/loading.png using Guid(5b7d8dc851c157448acf9972256d3cb9) Importer(815301076,1909f56bfc062723c751e8b465ee728b)  -> (artifact id: '26d8c2d8436cf74e7bf35481cbde33bd') in 0.038700 seconds 
========================================================================
Received Import Request.
  Time since last request: 0.000056 seconds.
  path: Assets/Arts/Button/select4_v2.png
  artifactKey: Guid(86223324e374d0749ad6057832cea2d7) Importer(815301076,1909f56bfc062723c751e8b465ee728b)
Start importing Assets/Arts/Button/select4_v2.png using Guid(86223324e374d0749ad6057832cea2d7) Importer(815301076,1909f56bfc062723c751e8b465ee728b)  -> (artifact id: '2fd2a2beb783e037e54a8242469f7eb9') in 0.071685 seconds 
========================================================================
Received Import Request.
  Time since last request: 0.149945 seconds.
  path: Assets/Arts/Task/Hints
  artifactKey: Guid(32dfb49165f75ad45809db52ab39bba6) Importer(815301076,1909f56bfc062723c751e8b465ee728b)
Start importing Assets/Arts/Task/Hints using Guid(32dfb49165f75ad45809db52ab39bba6) Importer(815301076,1909f56bfc062723c751e8b465ee728b)  -> (artifact id: 'a1e3653af71a05b11ccb755d506e72fe') in 0.005015 seconds 
